<?xml version="1.0" encoding="UTF-8"?>
<testng-results skipped="0" failed="0" ignored="0" total="12" passed="12">
  <reporter-output>
  </reporter-output>
  <suite name="Default suite" duration-ms="253" started-at="2018-08-04T01:41:09Z" finished-at="2018-08-04T01:41:09Z">
    <groups>
    </groups>
    <test name="Default test" duration-ms="253" started-at="2018-08-04T01:41:09Z" finished-at="2018-08-04T01:41:09Z">
      <class name="selenium.com.day6.All_Annotation">
        <test-method status="PASS" signature="beforeSuit()[pri:0, instance:selenium.com.day6.All_Annotation@1d8db5a]" name="beforeSuit" is-config="true" duration-ms="57" started-at="2018-08-04T01:41:09Z" finished-at="2018-08-04T01:41:09Z">
          <reporter-output>
          </reporter-output>
        </test-method> <!-- beforeSuit -->
        <test-method status="PASS" signature="beforeTest()[pri:0, instance:selenium.com.day6.All_Annotation@1d8db5a]" name="beforeTest" is-config="true" duration-ms="0" started-at="2018-08-04T01:41:09Z" finished-at="2018-08-04T01:41:09Z">
          <reporter-output>
          </reporter-output>
        </test-method> <!-- beforeTest -->
        <test-method status="PASS" signature="beforeClass()[pri:0, instance:selenium.com.day6.All_Annotation@1d8db5a]" name="beforeClass" is-config="true" duration-ms="0" started-at="2018-08-04T01:41:09Z" finished-at="2018-08-04T01:41:09Z">
          <reporter-output>
          </reporter-output>
        </test-method> <!-- beforeClass -->
        <test-method status="PASS" signature="testcase1()[pri:0, instance:selenium.com.day6.All_Annotation@1d8db5a]" name="testcase1" duration-ms="9" started-at="2018-08-04T01:41:09Z" finished-at="2018-08-04T01:41:09Z">
          <reporter-output>
          </reporter-output>
        </test-method> <!-- testcase1 -->
        <test-method status="PASS" signature="beforeMethod()[pri:0, instance:selenium.com.day6.All_Annotation@1d8db5a]" name="beforeMethod" is-config="true" duration-ms="0" started-at="2018-08-04T01:41:09Z" finished-at="2018-08-04T01:41:09Z">
          <reporter-output>
          </reporter-output>
        </test-method> <!-- beforeMethod -->
        <test-method status="PASS" signature="afterMethod()[pri:0, instance:selenium.com.day6.All_Annotation@1d8db5a]" name="afterMethod" is-config="true" duration-ms="0" started-at="2018-08-04T01:41:09Z" finished-at="2018-08-04T01:41:09Z">
          <reporter-output>
          </reporter-output>
        </test-method> <!-- afterMethod -->
        <test-method status="PASS" signature="beforeMethod()[pri:0, instance:selenium.com.day6.All_Annotation@1d8db5a]" name="beforeMethod" is-config="true" duration-ms="1" started-at="2018-08-04T01:41:09Z" finished-at="2018-08-04T01:41:09Z">
          <reporter-output>
          </reporter-output>
        </test-method> <!-- beforeMethod -->
        <test-method status="PASS" signature="testcase2()[pri:2, instance:selenium.com.day6.All_Annotation@1d8db5a]" name="testcase2" duration-ms="4" started-at="2018-08-04T01:41:09Z" finished-at="2018-08-04T01:41:09Z">
          <reporter-output>
          </reporter-output>
        </test-method> <!-- testcase2 -->
        <test-method status="PASS" signature="testcase2()[pri:2, instance:selenium.com.day6.All_Annotation@1d8db5a]" name="testcase2" duration-ms="8" started-at="2018-08-04T01:41:09Z" finished-at="2018-08-04T01:41:09Z">
          <reporter-output>
          </reporter-output>
        </test-method> <!-- testcase2 -->
        <test-method status="PASS" signature="beforeMethod()[pri:0, instance:selenium.com.day6.All_Annotation@1d8db5a]" name="beforeMethod" is-config="true" duration-ms="0" started-at="2018-08-04T01:41:09Z" finished-at="2018-08-04T01:41:09Z">
          <reporter-output>
          </reporter-output>
        </test-method> <!-- beforeMethod -->
        <test-method status="PASS" signature="beforeMethod()[pri:0, instance:selenium.com.day6.All_Annotation@1d8db5a]" name="beforeMethod" is-config="true" duration-ms="1" started-at="2018-08-04T01:41:09Z" finished-at="2018-08-04T01:41:09Z">
          <reporter-output>
          </reporter-output>
        </test-method> <!-- beforeMethod -->
        <test-method status="PASS" signature="testcase2()[pri:2, instance:selenium.com.day6.All_Annotation@1d8db5a]" name="testcase2" duration-ms="52" started-at="2018-08-04T01:41:09Z" finished-at="2018-08-04T01:41:09Z">
          <reporter-output>
          </reporter-output>
        </test-method> <!-- testcase2 -->
        <test-method status="PASS" signature="beforeMethod()[pri:0, instance:selenium.com.day6.All_Annotation@1d8db5a]" name="beforeMethod" is-config="true" duration-ms="1" started-at="2018-08-04T01:41:09Z" finished-at="2018-08-04T01:41:09Z">
          <reporter-output>
          </reporter-output>
        </test-method> <!-- beforeMethod -->
        <test-method status="PASS" signature="testcase2()[pri:2, instance:selenium.com.day6.All_Annotation@1d8db5a]" name="testcase2" duration-ms="30" started-at="2018-08-04T01:41:09Z" finished-at="2018-08-04T01:41:09Z">
          <reporter-output>
          </reporter-output>
        </test-method> <!-- testcase2 -->
        <test-method status="PASS" signature="afterMethod()[pri:0, instance:selenium.com.day6.All_Annotation@1d8db5a]" name="afterMethod" is-config="true" duration-ms="0" started-at="2018-08-04T01:41:09Z" finished-at="2018-08-04T01:41:09Z">
          <reporter-output>
          </reporter-output>
        </test-method> <!-- afterMethod -->
        <test-method status="PASS" signature="beforeMethod()[pri:0, instance:selenium.com.day6.All_Annotation@1d8db5a]" name="beforeMethod" is-config="true" duration-ms="0" started-at="2018-08-04T01:41:09Z" finished-at="2018-08-04T01:41:09Z">
          <reporter-output>
          </reporter-output>
        </test-method> <!-- beforeMethod -->
        <test-method status="PASS" signature="testcase2()[pri:2, instance:selenium.com.day6.All_Annotation@1d8db5a]" name="testcase2" duration-ms="3" started-at="2018-08-04T01:41:09Z" finished-at="2018-08-04T01:41:09Z">
          <reporter-output>
          </reporter-output>
        </test-method> <!-- testcase2 -->
        <test-method status="PASS" signature="beforeMethod()[pri:0, instance:selenium.com.day6.All_Annotation@1d8db5a]" name="beforeMethod" is-config="true" duration-ms="1" started-at="2018-08-04T01:41:09Z" finished-at="2018-08-04T01:41:09Z">
          <reporter-output>
          </reporter-output>
        </test-method> <!-- beforeMethod -->
        <test-method status="PASS" signature="testcase2()[pri:2, instance:selenium.com.day6.All_Annotation@1d8db5a]" name="testcase2" duration-ms="55" started-at="2018-08-04T01:41:09Z" finished-at="2018-08-04T01:41:09Z">
          <reporter-output>
          </reporter-output>
        </test-method> <!-- testcase2 -->
        <test-method status="PASS" signature="afterMethod()[pri:0, instance:selenium.com.day6.All_Annotation@1d8db5a]" name="afterMethod" is-config="true" duration-ms="1" started-at="2018-08-04T01:41:09Z" finished-at="2018-08-04T01:41:09Z">
          <reporter-output>
          </reporter-output>
        </test-method> <!-- afterMethod -->
        <test-method status="PASS" signature="beforeMethod()[pri:0, instance:selenium.com.day6.All_Annotation@1d8db5a]" name="beforeMethod" is-config="true" duration-ms="1" started-at="2018-08-04T01:41:09Z" finished-at="2018-08-04T01:41:09Z">
          <reporter-output>
          </reporter-output>
        </test-method> <!-- beforeMethod -->
        <test-method status="PASS" signature="testcase2()[pri:2, instance:selenium.com.day6.All_Annotation@1d8db5a]" name="testcase2" duration-ms="43" started-at="2018-08-04T01:41:09Z" finished-at="2018-08-04T01:41:09Z">
          <reporter-output>
          </reporter-output>
        </test-method> <!-- testcase2 -->
        <test-method status="PASS" signature="beforeMethod()[pri:0, instance:selenium.com.day6.All_Annotation@1d8db5a]" name="beforeMethod" is-config="true" duration-ms="0" started-at="2018-08-04T01:41:09Z" finished-at="2018-08-04T01:41:09Z">
          <reporter-output>
          </reporter-output>
        </test-method> <!-- beforeMethod -->
        <test-method status="PASS" signature="testcase2()[pri:2, instance:selenium.com.day6.All_Annotation@1d8db5a]" name="testcase2" duration-ms="32" started-at="2018-08-04T01:41:09Z" finished-at="2018-08-04T01:41:09Z">
          <reporter-output>
          </reporter-output>
        </test-method> <!-- testcase2 -->
        <test-method status="PASS" signature="afterMethod()[pri:0, instance:selenium.com.day6.All_Annotation@1d8db5a]" name="afterMethod" is-config="true" duration-ms="2" started-at="2018-08-04T01:41:09Z" finished-at="2018-08-04T01:41:09Z">
          <reporter-output>
          </reporter-output>
        </test-method> <!-- afterMethod -->
        <test-method status="PASS" signature="testcase2()[pri:2, instance:selenium.com.day6.All_Annotation@1d8db5a]" name="testcase2" duration-ms="2" started-at="2018-08-04T01:41:09Z" finished-at="2018-08-04T01:41:09Z">
          <reporter-output>
          </reporter-output>
        </test-method> <!-- testcase2 -->
        <test-method status="PASS" signature="beforeMethod()[pri:0, instance:selenium.com.day6.All_Annotation@1d8db5a]" name="beforeMethod" is-config="true" duration-ms="0" started-at="2018-08-04T01:41:09Z" finished-at="2018-08-04T01:41:09Z">
          <reporter-output>
          </reporter-output>
        </test-method> <!-- beforeMethod -->
        <test-method status="PASS" signature="afterMethod()[pri:0, instance:selenium.com.day6.All_Annotation@1d8db5a]" name="afterMethod" is-config="true" duration-ms="1" started-at="2018-08-04T01:41:09Z" finished-at="2018-08-04T01:41:09Z">
          <reporter-output>
          </reporter-output>
        </test-method> <!-- afterMethod -->
        <test-method status="PASS" signature="beforeMethod()[pri:0, instance:selenium.com.day6.All_Annotation@1d8db5a]" name="beforeMethod" is-config="true" duration-ms="1" started-at="2018-08-04T01:41:09Z" finished-at="2018-08-04T01:41:09Z">
          <reporter-output>
          </reporter-output>
        </test-method> <!-- beforeMethod -->
        <test-method status="PASS" signature="testcase2()[pri:2, instance:selenium.com.day6.All_Annotation@1d8db5a]" name="testcase2" duration-ms="2" started-at="2018-08-04T01:41:09Z" finished-at="2018-08-04T01:41:09Z">
          <reporter-output>
          </reporter-output>
        </test-method> <!-- testcase2 -->
        <test-method status="PASS" signature="afterMethod()[pri:0, instance:selenium.com.day6.All_Annotation@1d8db5a]" name="afterMethod" is-config="true" duration-ms="3" started-at="2018-08-04T01:41:09Z" finished-at="2018-08-04T01:41:09Z">
          <reporter-output>
          </reporter-output>
        </test-method> <!-- afterMethod -->
        <test-method status="PASS" signature="afterMethod()[pri:0, instance:selenium.com.day6.All_Annotation@1d8db5a]" name="afterMethod" is-config="true" duration-ms="1" started-at="2018-08-04T01:41:09Z" finished-at="2018-08-04T01:41:09Z">
          <reporter-output>
          </reporter-output>
        </test-method> <!-- afterMethod -->
        <test-method status="PASS" signature="afterMethod()[pri:0, instance:selenium.com.day6.All_Annotation@1d8db5a]" name="afterMethod" is-config="true" duration-ms="1" started-at="2018-08-04T01:41:09Z" finished-at="2018-08-04T01:41:09Z">
          <reporter-output>
          </reporter-output>
        </test-method> <!-- afterMethod -->
        <test-method status="PASS" signature="afterMethod()[pri:0, instance:selenium.com.day6.All_Annotation@1d8db5a]" name="afterMethod" is-config="true" duration-ms="0" started-at="2018-08-04T01:41:09Z" finished-at="2018-08-04T01:41:09Z">
          <reporter-output>
          </reporter-output>
        </test-method> <!-- afterMethod -->
        <test-method status="PASS" signature="afterMethod()[pri:0, instance:selenium.com.day6.All_Annotation@1d8db5a]" name="afterMethod" is-config="true" duration-ms="0" started-at="2018-08-04T01:41:09Z" finished-at="2018-08-04T01:41:09Z">
          <reporter-output>
          </reporter-output>
        </test-method> <!-- afterMethod -->
        <test-method status="PASS" signature="afterMethod()[pri:0, instance:selenium.com.day6.All_Annotation@1d8db5a]" name="afterMethod" is-config="true" duration-ms="1" started-at="2018-08-04T01:41:09Z" finished-at="2018-08-04T01:41:09Z">
          <reporter-output>
          </reporter-output>
        </test-method> <!-- afterMethod -->
        <test-method status="PASS" signature="testcase3()[pri:3, instance:selenium.com.day6.All_Annotation@1d8db5a]" name="testcase3" duration-ms="8" started-at="2018-08-04T01:41:09Z" finished-at="2018-08-04T01:41:09Z">
          <reporter-output>
          </reporter-output>
        </test-method> <!-- testcase3 -->
        <test-method status="PASS" signature="beforeMethod()[pri:0, instance:selenium.com.day6.All_Annotation@1d8db5a]" name="beforeMethod" is-config="true" duration-ms="0" started-at="2018-08-04T01:41:09Z" finished-at="2018-08-04T01:41:09Z">
          <reporter-output>
          </reporter-output>
        </test-method> <!-- beforeMethod -->
        <test-method status="PASS" signature="afterClass()[pri:0, instance:selenium.com.day6.All_Annotation@1d8db5a]" name="afterClass" is-config="true" duration-ms="20" started-at="2018-08-04T01:41:09Z" finished-at="2018-08-04T01:41:09Z">
          <reporter-output>
          </reporter-output>
        </test-method> <!-- afterClass -->
        <test-method status="PASS" signature="afterMethod()[pri:0, instance:selenium.com.day6.All_Annotation@1d8db5a]" name="afterMethod" is-config="true" duration-ms="0" started-at="2018-08-04T01:41:09Z" finished-at="2018-08-04T01:41:09Z">
          <reporter-output>
          </reporter-output>
        </test-method> <!-- afterMethod -->
        <test-method status="PASS" signature="afterTest()[pri:0, instance:selenium.com.day6.All_Annotation@1d8db5a]" name="afterTest" is-config="true" duration-ms="1" started-at="2018-08-04T01:41:09Z" finished-at="2018-08-04T01:41:09Z">
          <reporter-output>
          </reporter-output>
        </test-method> <!-- afterTest -->
        <test-method status="PASS" signature="afterSuit()[pri:0, instance:selenium.com.day6.All_Annotation@1d8db5a]" name="afterSuit" is-config="true" duration-ms="1" started-at="2018-08-04T01:41:10Z" finished-at="2018-08-04T01:41:10Z">
          <reporter-output>
          </reporter-output>
        </test-method> <!-- afterSuit -->
      </class> <!-- selenium.com.day6.All_Annotation -->
    </test> <!-- Default test -->
  </suite> <!-- Default suite -->
</testng-results>
