<?xml version="1.0" encoding="UTF-8"?>
<!-- Generated by org.testng.reporters.JUnitXMLReporter -->
<testsuite hostname="ADMIN-PC" ignored="0" name="Default test" tests="12" failures="0" timestamp="04 Aug 2018 01:41:10 GMT" time="0.253" errors="0">
  <testcase name="testcase1" time="0.009" classname="selenium.com.day6.All_Annotation"/>
  <testcase name="testcase2" time="0.004" classname="selenium.com.day6.All_Annotation"/>
  <testcase name="testcase2" time="0.008" classname="selenium.com.day6.All_Annotation"/>
  <testcase name="testcase2" time="0.003" classname="selenium.com.day6.All_Annotation"/>
  <testcase name="testcase2" time="0.03" classname="selenium.com.day6.All_Annotation"/>
  <testcase name="testcase2" time="0.002" classname="selenium.com.day6.All_Annotation"/>
  <testcase name="testcase2" time="0.002" classname="selenium.com.day6.All_Annotation"/>
  <testcase name="testcase2" time="0.052" classname="selenium.com.day6.All_Annotation"/>
  <testcase name="testcase2" time="0.032" classname="selenium.com.day6.All_Annotation"/>
  <testcase name="testcase2" time="0.043" classname="selenium.com.day6.All_Annotation"/>
  <testcase name="testcase2" time="0.055" classname="selenium.com.day6.All_Annotation"/>
  <testcase name="testcase3" time="0.008" classname="selenium.com.day6.All_Annotation"/>
</testsuite> <!-- Default test -->
