<?xml version="1.0" encoding="UTF-8"?>
<!-- Generated by org.testng.reporters.JUnitXMLReporter -->
<testsuite hostname="ADMIN-PC" ignored="0" name="EbayTest" tests="5" failures="1" timestamp="26 Jun 2018 08:49:13 GMT" time="44.121" errors="0">
  <testcase name="browserProperty" time="1.26" classname="selenium.com.day10.Ebay_TestNG_ITestListener_XML_Class"/>
  <testcase name="navigatePage" time="20.283" classname="selenium.com.day10.Ebay_TestNG_ITestListener_XML_Class"/>
  <testcase name="getPageInfo" time="0.098" classname="selenium.com.day10.Ebay_TestNG_ITestListener_XML_Class">
    <failure type="java.lang.AssertionError" message="expected [eBay] but found [Electronics, Cars, Fashion, Collectibles, Coupons and More | eBay]">
      <![CDATA[java.lang.AssertionError: expected [eBay] but found [Electronics, Cars, Fashion, Collectibles, Coupons and More | eBay]
at selenium.com.day10.Ebay_TestNG_ITestListener_XML_Class.getPageInfo(Ebay_TestNG_ITestListener_XML_Class.java:92)
... Removed 31 stack frames]]>
    </failure>
  </testcase> <!-- getPageInfo -->
  <testcase name="searchProduct" time="7.2" classname="selenium.com.day10.Ebay_TestNG_ITestListener_XML_Class"/>
  <testcase name="getList" time="10.72" classname="selenium.com.day10.Ebay_TestNG_ITestListener_XML_Class"/>
</testsuite> <!-- EbayTest -->
